# JRE version: Java(TM) SE Runtime Environment (7.0_55-b13) (build 1.7.0_55-b13)
# Java VM: Java HotSpot(TM) 64-Bit Server VM (24.55-b03 mixed mode bsd-amd64 compressed oops)
Heap
 PSYoungGen      total 392704K, used 159744K [0x00000007d5500000, 0x00000007fc580000, 0x0000000800000000)
  eden space 159744K, 100% used [0x00000007d5500000,0x00000007df100000,0x00000007df100000)
  from space 232960K, 0% used [0x00000007df100000,0x00000007df100000,0x00000007ed480000)
  to   space 230400K, 0% used [0x00000007ee480000,0x00000007ee480000,0x00000007fc580000)
 ParOldGen       total 1397760K, used 1376713K [0x0000000780000000, 0x00000007d5500000, 0x00000007d5500000)
  object space 1397760K, 98% used [0x0000000780000000,0x00000007d4072668,0x00000007d5500000)
 PSPermGen       total 21504K, used 9332K [0x000000077ae00000, 0x000000077c300000, 0x0000000780000000)
  object space 21504K, 43% used [0x000000077ae00000,0x000000077b71d230,0x000000077c300000)
GC Heap History (10 events):
Event: 34.238 GC heap after
Heap after GC invocations=30 (full 5):
 PSYoungGen      total 384512K, used 100288K [0x00000007d5500000, 0x00000007fb080000, 0x0000000800000000)
  eden space 151552K, 0% used [0x00000007d5500000,0x00000007d5500000,0x00000007de900000)
  from space 232960K, 43% used [0x00000007de900000,0x00000007e4af0198,0x00000007ecc80000)
  to   space 225280K, 0% used [0x00000007ed480000,0x00000007ed480000,0x00000007fb080000)
 ParOldGen       total 1087488K, used 1086825K [0x0000000780000000, 0x00000007c2600000, 0x00000007d5500000)
  object space 1087488K, 99% used [0x0000000780000000,0x00000007c255a698,0x00000007c2600000)
 PSPermGen       total 21504K, used 9332K [0x000000077ae00000, 0x000000077c300000, 0x0000000780000000)
  object space 21504K, 43% used [0x000000077ae00000,0x000000077b71d230,0x000000077c300000)
}
Event: 34.238 GC heap before
{Heap before GC invocations=31 (full 6):
 PSYoungGen      total 384512K, used 100288K [0x00000007d5500000, 0x00000007fb080000, 0x0000000800000000)
  eden space 151552K, 0% used [0x00000007d5500000,0x00000007d5500000,0x00000007de900000)
  from space 232960K, 43% used [0x00000007de900000,0x00000007e4af0198,0x00000007ecc80000)
  to   space 225280K, 0% used [0x00000007ed480000,0x00000007ed480000,0x00000007fb080000)
 ParOldGen       total 1087488K, used 1086825K [0x0000000780000000, 0x00000007c2600000, 0x00000007d5500000)
  object space 1087488K, 99% used [0x0000000780000000,0x00000007c255a698,0x00000007c2600000)
 PSPermGen       total 21504K, used 9332K [0x000000077ae00000, 0x000000077c300000, 0x0000000780000000)
  object space 21504K, 43% used [0x000000077ae00000,0x000000077b71d230,0x000000077c300000)
Event: 42.817 GC heap after
Heap after GC invocations=31 (full 6):
 PSYoungGen      total 384512K, used 81606K [0x00000007d5500000, 0x00000007fb080000, 0x0000000800000000)
  eden space 151552K, 0% used [0x00000007d5500000,0x00000007d5500000,0x00000007de900000)
  from space 232960K, 35% used [0x00000007de900000,0x00000007e38b18c8,0x00000007ecc80000)
  to   space 225280K, 0% used [0x00000007ed480000,0x00000007ed480000,0x00000007fb080000)
 ParOldGen       total 1397760K, used 1086992K [0x0000000780000000, 0x00000007d5500000, 0x00000007d5500000)
  object space 1397760K, 77% used [0x0000000780000000,0x00000007c25842e8,0x00000007d5500000)
 PSPermGen       total 21504K, used 9332K [0x000000077ae00000, 0x000000077c300000, 0x0000000780000000)
  object space 21504K, 43% used [0x000000077ae00000,0x000000077b71d230,0x000000077c300000)
}
Event: 44.730 GC heap before
{Heap before GC invocations=32 (full 6):
 PSYoungGen      total 384512K, used 233158K [0x00000007d5500000, 0x00000007fb080000, 0x0000000800000000)
  eden space 151552K, 100% used [0x00000007d5500000,0x00000007de900000,0x00000007de900000)
  from space 232960K, 35% used [0x00000007de900000,0x00000007e38b18c8,0x00000007ecc80000)
  to   space 225280K, 0% used [0x00000007ed480000,0x00000007ed480000,0x00000007fb080000)
 ParOldGen       total 1397760K, used 1086992K [0x0000000780000000, 0x00000007d5500000, 0x00000007d5500000)
  object space 1397760K, 77% used [0x0000000780000000,0x00000007c25842e8,0x00000007d5500000)
 PSPermGen       total 21504K, used 9332K [0x000000077ae00000, 0x000000077c300000, 0x0000000780000000)
  object space 21504K, 43% used [0x000000077ae00000,0x000000077b71d230,0x000000077c300000)
Event: 46.294 GC heap after
Heap after GC invocations=32 (full 6):
 PSYoungGen      total 385024K, used 184675K [0x00000007d5500000, 0x00000007fbe00000, 0x0000000800000000)
  eden space 159744K, 0% used [0x00000007d5500000,0x00000007d5500000,0x00000007df100000)
  from space 225280K, 81% used [0x00000007ed480000,0x00000007f88d8cb8,0x00000007fb080000)
  to   space 232960K, 0% used [0x00000007df100000,0x00000007df100000,0x00000007ed480000)
 ParOldGen       total 1397760K, used 1086992K [0x0000000780000000, 0x00000007d5500000, 0x00000007d5500000)
  object space 1397760K, 77% used [0x0000000780000000,0x00000007c25842e8,0x00000007d5500000)
 PSPermGen       total 21504K, used 9332K [0x000000077ae00000, 0x000000077c300000, 0x0000000780000000)
  object space 21504K, 43% used [0x000000077ae00000,0x000000077b71d230,0x000000077c300000)
}
Event: 47.665 GC heap before
{Heap before GC invocations=33 (full 6):
 PSYoungGen      total 385024K, used 344419K [0x00000007d5500000, 0x00000007fbe00000, 0x0000000800000000)
  eden space 159744K, 100% used [0x00000007d5500000,0x00000007df100000,0x00000007df100000)
  from space 225280K, 81% used [0x00000007ed480000,0x00000007f88d8cb8,0x00000007fb080000)
  to   space 232960K, 0% used [0x00000007df100000,0x00000007df100000,0x00000007ed480000)
 ParOldGen       total 1397760K, used 1086992K [0x0000000780000000, 0x00000007d5500000, 0x00000007d5500000)
  object space 1397760K, 77% used [0x0000000780000000,0x00000007c25842e8,0x00000007d5500000)
 PSPermGen       total 21504K, used 9332K [0x000000077ae00000, 0x000000077c300000, 0x0000000780000000)
  object space 21504K, 43% used [0x000000077ae00000,0x000000077b71d230,0x000000077c300000)
Event: 48.479 GC heap after
Heap after GC invocations=33 (full 6):
 PSYoungGen      total 392704K, used 111140K [0x00000007d5500000, 0x00000007fc580000, 0x0000000800000000)
  eden space 159744K, 0% used [0x00000007d5500000,0x00000007d5500000,0x00000007df100000)
  from space 232960K, 47% used [0x00000007df100000,0x00000007e5d89118,0x00000007ed480000)
  to   space 230400K, 0% used [0x00000007ee480000,0x00000007ee480000,0x00000007fc580000)
 ParOldGen       total 1397760K, used 1269881K [0x0000000780000000, 0x00000007d5500000, 0x00000007d5500000)
  object space 1397760K, 90% used [0x0000000780000000,0x00000007cd81e738,0x00000007d5500000)
 PSPermGen       total 21504K, used 9332K [0x000000077ae00000, 0x000000077c300000, 0x0000000780000000)
  object space 21504K, 43% used [0x000000077ae00000,0x000000077b71d230,0x000000077c300000)
}
Event: 48.479 GC heap before
{Heap before GC invocations=34 (full 7):
 PSYoungGen      total 392704K, used 111140K [0x00000007d5500000, 0x00000007fc580000, 0x0000000800000000)
  eden space 159744K, 0% used [0x00000007d5500000,0x00000007d5500000,0x00000007df100000)
  from space 232960K, 47% used [0x00000007df100000,0x00000007e5d89118,0x00000007ed480000)
  to   space 230400K, 0% used [0x00000007ee480000,0x00000007ee480000,0x00000007fc580000)
 ParOldGen       total 1397760K, used 1269881K [0x0000000780000000, 0x00000007d5500000, 0x00000007d5500000)
  object space 1397760K, 90% used [0x0000000780000000,0x00000007cd81e738,0x00000007d5500000)
 PSPermGen       total 21504K, used 9332K [0x000000077ae00000, 0x000000077c300000, 0x0000000780000000)
  object space 21504K, 43% used [0x000000077ae00000,0x000000077b71d230,0x000000077c300000)
Event: 55.383 GC heap after
Heap after GC invocations=34 (full 7):
 PSYoungGen      total 392704K, used 0K [0x00000007d5500000, 0x00000007fc580000, 0x0000000800000000)
  eden space 159744K, 0% used [0x00000007d5500000,0x00000007d5500000,0x00000007df100000)
  from space 232960K, 0% used [0x00000007df100000,0x00000007df100000,0x00000007ed480000)
  to   space 230400K, 0% used [0x00000007ee480000,0x00000007ee480000,0x00000007fc580000)
 ParOldGen       total 1397760K, used 1376713K [0x0000000780000000, 0x00000007d5500000, 0x00000007d5500000)
  object space 1397760K, 98% used [0x0000000780000000,0x00000007d4072668,0x00000007d5500000)
 PSPermGen       total 21504K, used 9332K [0x000000077ae00000, 0x000000077c300000, 0x0000000780000000)
  object space 21504K, 43% used [0x000000077ae00000,0x000000077b71d230,0x000000077c300000)
}
Event: 59.465 GC heap before
{Heap before GC invocations=35 (full 8):
 PSYoungGen      total 392704K, used 159744K [0x00000007d5500000, 0x00000007fc580000, 0x0000000800000000)
  eden space 159744K, 100% used [0x00000007d5500000,0x00000007df100000,0x00000007df100000)
  from space 232960K, 0% used [0x00000007df100000,0x00000007df100000,0x00000007ed480000)
  to   space 230400K, 0% used [0x00000007ee480000,0x00000007ee480000,0x00000007fc580000)
 ParOldGen       total 1397760K, used 1376713K [0x0000000780000000, 0x00000007d5500000, 0x00000007d5500000)
  object space 1397760K, 98% used [0x0000000780000000,0x00000007d4072668,0x00000007d5500000)
 PSPermGen       total 21504K, used 9332K [0x000000077ae00000, 0x000000077c300000, 0x0000000780000000)
  object space 21504K, 43% used [0x000000077ae00000,0x000000077b71d230,0x000000077c300000)

