# JRE version: Java(TM) SE Runtime Environment (7.0_55-b13) (build 1.7.0_55-b13)
# Java VM: Java HotSpot(TM) 64-Bit Server VM (24.55-b03 mixed mode bsd-amd64 compressed oops)
Heap
 PSYoungGen      total 429056K, used 198412K [0x00000007d5500000, 0x00000007ff400000, 0x0000000800000000)
  eden space 196096K, 99% used [0x00000007d5500000,0x00000007e147fff8,0x00000007e1480000)
  from space 232960K, 0% used [0x00000007e1480000,0x00000007e16c32f8,0x00000007ef800000)
  to   space 232960K, 0% used [0x00000007f1080000,0x00000007f1080000,0x00000007ff400000)
 ParOldGen       total 1397760K, used 1397628K [0x0000000780000000, 0x00000007d5500000, 0x00000007d5500000)
  object space 1397760K, 99% used [0x0000000780000000,0x00000007d54df160,0x00000007d5500000)
 PSPermGen       total 21504K, used 9349K [0x000000077ae00000, 0x000000077c300000, 0x0000000780000000)
  object space 21504K, 43% used [0x000000077ae00000,0x000000077b721660,0x000000077c300000)
GC Heap History (10 events):
Event: 300.197 GC heap after
Heap after GC invocations=215 (full 190):
 PSYoungGen      total 429056K, used 198412K [0x00000007d5500000, 0x00000007ff400000, 0x0000000800000000)
  eden space 196096K, 99% used [0x00000007d5500000,0x00000007e147fff8,0x00000007e1480000)
  from space 232960K, 0% used [0x00000007e1480000,0x00000007e16c32f8,0x00000007ef800000)
  to   space 232960K, 0% used [0x00000007f1080000,0x00000007f1080000,0x00000007ff400000)
 ParOldGen       total 1397760K, used 1397620K [0x0000000780000000, 0x00000007d5500000, 0x00000007d5500000)
  object space 1397760K, 99% used [0x0000000780000000,0x00000007d54dd2b0,0x00000007d5500000)
 PSPermGen       total 21504K, used 9349K [0x000000077ae00000, 0x000000077c300000, 0x0000000780000000)
  object space 21504K, 43% used [0x000000077ae00000,0x000000077b721660,0x000000077c300000)
}
Event: 300.197 GC heap before
{Heap before GC invocations=216 (full 191):
 PSYoungGen      total 429056K, used 198412K [0x00000007d5500000, 0x00000007ff400000, 0x0000000800000000)
  eden space 196096K, 99% used [0x00000007d5500000,0x00000007e147fff8,0x00000007e1480000)
  from space 232960K, 0% used [0x00000007e1480000,0x00000007e16c32f8,0x00000007ef800000)
  to   space 232960K, 0% used [0x00000007f1080000,0x00000007f1080000,0x00000007ff400000)
 ParOldGen       total 1397760K, used 1397623K [0x0000000780000000, 0x00000007d5500000, 0x00000007d5500000)
  object space 1397760K, 99% used [0x0000000780000000,0x00000007d54dde60,0x00000007d5500000)
 PSPermGen       total 21504K, used 9349K [0x000000077ae00000, 0x000000077c300000, 0x0000000780000000)
  object space 21504K, 43% used [0x000000077ae00000,0x000000077b721660,0x000000077c300000)
Event: 302.705 GC heap after
Heap after GC invocations=216 (full 191):
 PSYoungGen      total 429056K, used 198412K [0x00000007d5500000, 0x00000007ff400000, 0x0000000800000000)
  eden space 196096K, 99% used [0x00000007d5500000,0x00000007e147fff8,0x00000007e1480000)
  from space 232960K, 0% used [0x00000007e1480000,0x00000007e16c32f8,0x00000007ef800000)
  to   space 232960K, 0% used [0x00000007f1080000,0x00000007f1080000,0x00000007ff400000)
 ParOldGen       total 1397760K, used 1397621K [0x0000000780000000, 0x00000007d5500000, 0x00000007d5500000)
  object space 1397760K, 99% used [0x0000000780000000,0x00000007d54dd6c8,0x00000007d5500000)
 PSPermGen       total 21504K, used 9349K [0x000000077ae00000, 0x000000077c300000, 0x0000000780000000)
  object space 21504K, 43% used [0x000000077ae00000,0x000000077b721660,0x000000077c300000)
}
Event: 302.705 GC heap before
{Heap before GC invocations=217 (full 192):
 PSYoungGen      total 429056K, used 198412K [0x00000007d5500000, 0x00000007ff400000, 0x0000000800000000)
  eden space 196096K, 99% used [0x00000007d5500000,0x00000007e147fff8,0x00000007e1480000)
  from space 232960K, 0% used [0x00000007e1480000,0x00000007e16c32f8,0x00000007ef800000)
  to   space 232960K, 0% used [0x00000007f1080000,0x00000007f1080000,0x00000007ff400000)
 ParOldGen       total 1397760K, used 1397624K [0x0000000780000000, 0x00000007d5500000, 0x00000007d5500000)
  object space 1397760K, 99% used [0x0000000780000000,0x00000007d54de2e0,0x00000007d5500000)
 PSPermGen       total 21504K, used 9349K [0x000000077ae00000, 0x000000077c300000, 0x0000000780000000)
  object space 21504K, 43% used [0x000000077ae00000,0x000000077b721660,0x000000077c300000)
Event: 304.612 GC heap after
Heap after GC invocations=217 (full 192):
 PSYoungGen      total 429056K, used 198412K [0x00000007d5500000, 0x00000007ff400000, 0x0000000800000000)
  eden space 196096K, 99% used [0x00000007d5500000,0x00000007e147fff8,0x00000007e1480000)
  from space 232960K, 0% used [0x00000007e1480000,0x00000007e16c32f8,0x00000007ef800000)
  to   space 232960K, 0% used [0x00000007f1080000,0x00000007f1080000,0x00000007ff400000)
 ParOldGen       total 1397760K, used 1397623K [0x0000000780000000, 0x00000007d5500000, 0x00000007d5500000)
  object space 1397760K, 99% used [0x0000000780000000,0x00000007d54ddd70,0x00000007d5500000)
 PSPermGen       total 21504K, used 9349K [0x000000077ae00000, 0x000000077c300000, 0x0000000780000000)
  object space 21504K, 43% used [0x000000077ae00000,0x000000077b721660,0x000000077c300000)
}
Event: 304.612 GC heap before
{Heap before GC invocations=218 (full 193):
 PSYoungGen      total 429056K, used 198412K [0x00000007d5500000, 0x00000007ff400000, 0x0000000800000000)
  eden space 196096K, 99% used [0x00000007d5500000,0x00000007e147fff8,0x00000007e1480000)
  from space 232960K, 0% used [0x00000007e1480000,0x00000007e16c32f8,0x00000007ef800000)
  to   space 232960K, 0% used [0x00000007f1080000,0x00000007f1080000,0x00000007ff400000)
 ParOldGen       total 1397760K, used 1397626K [0x0000000780000000, 0x00000007d5500000, 0x00000007d5500000)
  object space 1397760K, 99% used [0x0000000780000000,0x00000007d54de8a8,0x00000007d5500000)
 PSPermGen       total 21504K, used 9349K [0x000000077ae00000, 0x000000077c300000, 0x0000000780000000)
  object space 21504K, 43% used [0x000000077ae00000,0x000000077b721660,0x000000077c300000)
Event: 307.619 GC heap after
Heap after GC invocations=218 (full 193):
 PSYoungGen      total 429056K, used 198412K [0x00000007d5500000, 0x00000007ff400000, 0x0000000800000000)
  eden space 196096K, 99% used [0x00000007d5500000,0x00000007e147fff8,0x00000007e1480000)
  from space 232960K, 0% used [0x00000007e1480000,0x00000007e16c32f8,0x00000007ef800000)
  to   space 232960K, 0% used [0x00000007f1080000,0x00000007f1080000,0x00000007ff400000)
 ParOldGen       total 1397760K, used 1397624K [0x0000000780000000, 0x00000007d5500000, 0x00000007d5500000)
  object space 1397760K, 99% used [0x0000000780000000,0x00000007d54de130,0x00000007d5500000)
 PSPermGen       total 21504K, used 9349K [0x000000077ae00000, 0x000000077c300000, 0x0000000780000000)
  object space 21504K, 43% used [0x000000077ae00000,0x000000077b721660,0x000000077c300000)
}
Event: 307.619 GC heap before
{Heap before GC invocations=219 (full 194):
 PSYoungGen      total 429056K, used 198412K [0x00000007d5500000, 0x00000007ff400000, 0x0000000800000000)
  eden space 196096K, 99% used [0x00000007d5500000,0x00000007e147fff8,0x00000007e1480000)
  from space 232960K, 0% used [0x00000007e1480000,0x00000007e16c32f8,0x00000007ef800000)
  to   space 232960K, 0% used [0x00000007f1080000,0x00000007f1080000,0x00000007ff400000)
 ParOldGen       total 1397760K, used 1397627K [0x0000000780000000, 0x00000007d5500000, 0x00000007d5500000)
  object space 1397760K, 99% used [0x0000000780000000,0x00000007d54dece0,0x00000007d5500000)
 PSPermGen       total 21504K, used 9349K [0x000000077ae00000, 0x000000077c300000, 0x0000000780000000)
  object space 21504K, 43% used [0x000000077ae00000,0x000000077b721660,0x000000077c300000)
Event: 312.243 GC heap after
Heap after GC invocations=219 (full 194):
 PSYoungGen      total 429056K, used 198412K [0x00000007d5500000, 0x00000007ff400000, 0x0000000800000000)
  eden space 196096K, 99% used [0x00000007d5500000,0x00000007e147fff8,0x00000007e1480000)
  from space 232960K, 0% used [0x00000007e1480000,0x00000007e16c32f8,0x00000007ef800000)
  to   space 232960K, 0% used [0x00000007f1080000,0x00000007f1080000,0x00000007ff400000)
 ParOldGen       total 1397760K, used 1397625K [0x0000000780000000, 0x00000007d5500000, 0x00000007d5500000)
  object space 1397760K, 99% used [0x0000000780000000,0x00000007d54de548,0x00000007d5500000)
 PSPermGen       total 21504K, used 9349K [0x000000077ae00000, 0x000000077c300000, 0x0000000780000000)
  object space 21504K, 43% used [0x000000077ae00000,0x000000077b721660,0x000000077c300000)
}
Event: 312.255 GC heap before
{Heap before GC invocations=220 (full 195):
 PSYoungGen      total 429056K, used 198412K [0x00000007d5500000, 0x00000007ff400000, 0x0000000800000000)
  eden space 196096K, 99% used [0x00000007d5500000,0x00000007e147fff8,0x00000007e1480000)
  from space 232960K, 0% used [0x00000007e1480000,0x00000007e16c32f8,0x00000007ef800000)
  to   space 232960K, 0% used [0x00000007f1080000,0x00000007f1080000,0x00000007ff400000)
 ParOldGen       total 1397760K, used 1397628K [0x0000000780000000, 0x00000007d5500000, 0x00000007d5500000)
  object space 1397760K, 99% used [0x0000000780000000,0x00000007d54df160,0x00000007d5500000)
 PSPermGen       total 21504K, used 9349K [0x000000077ae00000, 0x000000077c300000, 0x0000000780000000)
  object space 21504K, 43% used [0x000000077ae00000,0x000000077b721660,0x000000077c300000)

