# JRE version: Java(TM) SE Runtime Environment (7.0_55-b13) (build 1.7.0_55-b13)
# Java VM: Java HotSpot(TM) 64-Bit Server VM (24.55-b03 mixed mode bsd-amd64 compressed oops)
Heap
 PSYoungGen      total 473600K, used 76273K [0x00000007d5500000, 0x0000000800000000, 0x0000000800000000)
  eden space 397312K, 0% used [0x00000007d5500000,0x00000007d5500000,0x00000007ed900000)
  from space 76288K, 99% used [0x00000007fb580000,0x00000007ffffc538,0x0000000800000000)
  to   space 151040K, 0% used [0x00000007ed900000,0x00000007ed900000,0x00000007f6c80000)
 ParOldGen       total 928768K, used 904725K [0x0000000780000000, 0x00000007b8b00000, 0x00000007d5500000)
  object space 928768K, 97% used [0x0000000780000000,0x00000007b73855c0,0x00000007b8b00000)
 PSPermGen       total 23040K, used 11597K [0x000000077ae00000, 0x000000077c480000, 0x0000000780000000)
  object space 23040K, 50% used [0x000000077ae00000,0x000000077b953650,0x000000077c480000)
GC Heap History (10 events):
Event: 1002.757 GC heap after
Heap after GC invocations=459 (full 5):
 PSYoungGen      total 631296K, used 33280K [0x00000007d5500000, 0x0000000800000000, 0x0000000800000000)
  eden space 598016K, 0% used [0x00000007d5500000,0x00000007d5500000,0x00000007f9d00000)
  from space 33280K, 100% used [0x00000007fdf80000,0x0000000800000000,0x0000000800000000)
  to   space 50688K, 0% used [0x00000007f9d00000,0x00000007f9d00000,0x00000007fce80000)
 ParOldGen       total 928768K, used 704695K [0x0000000780000000, 0x00000007b8b00000, 0x00000007d5500000)
  object space 928768K, 75% used [0x0000000780000000,0x00000007ab02dfc8,0x00000007b8b00000)
 PSPermGen       total 23040K, used 11596K [0x000000077ae00000, 0x000000077c480000, 0x0000000780000000)
  object space 23040K, 50% used [0x000000077ae00000,0x000000077b9532a0,0x000000077c480000)
}
Event: 1004.170 GC heap before
{Heap before GC invocations=460 (full 5):
 PSYoungGen      total 631296K, used 631296K [0x00000007d5500000, 0x0000000800000000, 0x0000000800000000)
  eden space 598016K, 100% used [0x00000007d5500000,0x00000007f9d00000,0x00000007f9d00000)
  from space 33280K, 100% used [0x00000007fdf80000,0x0000000800000000,0x0000000800000000)
  to   space 50688K, 0% used [0x00000007f9d00000,0x00000007f9d00000,0x00000007fce80000)
 ParOldGen       total 928768K, used 704695K [0x0000000780000000, 0x00000007b8b00000, 0x00000007d5500000)
  object space 928768K, 75% used [0x0000000780000000,0x00000007ab02dfc8,0x00000007b8b00000)
 PSPermGen       total 23040K, used 11597K [0x000000077ae00000, 0x000000077c480000, 0x0000000780000000)
  object space 23040K, 50% used [0x000000077ae00000,0x000000077b953558,0x000000077c480000)
Event: 1004.209 GC heap after
Heap after GC invocations=460 (full 5):
 PSYoungGen      total 648704K, used 50688K [0x00000007d5500000, 0x0000000800000000, 0x0000000800000000)
  eden space 598016K, 0% used [0x00000007d5500000,0x00000007d5500000,0x00000007f9d00000)
  from space 50688K, 100% used [0x00000007f9d00000,0x00000007fce80000,0x00000007fce80000)
  to   space 50688K, 0% used [0x00000007fce80000,0x00000007fce80000,0x0000000800000000)
 ParOldGen       total 928768K, used 705551K [0x0000000780000000, 0x00000007b8b00000, 0x00000007d5500000)
  object space 928768K, 75% used [0x0000000780000000,0x00000007ab103fc8,0x00000007b8b00000)
 PSPermGen       total 23040K, used 11597K [0x000000077ae00000, 0x000000077c480000, 0x0000000780000000)
  object space 23040K, 50% used [0x000000077ae00000,0x000000077b953558,0x000000077c480000)
}
Event: 1006.267 GC heap before
{Heap before GC invocations=461 (full 5):
 PSYoungGen      total 648704K, used 648704K [0x00000007d5500000, 0x0000000800000000, 0x0000000800000000)
  eden space 598016K, 100% used [0x00000007d5500000,0x00000007f9d00000,0x00000007f9d00000)
  from space 50688K, 100% used [0x00000007f9d00000,0x00000007fce80000,0x00000007fce80000)
  to   space 50688K, 0% used [0x00000007fce80000,0x00000007fce80000,0x0000000800000000)
 ParOldGen       total 928768K, used 705551K [0x0000000780000000, 0x00000007b8b00000, 0x00000007d5500000)
  object space 928768K, 75% used [0x0000000780000000,0x00000007ab103fc8,0x00000007b8b00000)
 PSPermGen       total 23040K, used 11597K [0x000000077ae00000, 0x000000077c480000, 0x0000000780000000)
  object space 23040K, 50% used [0x000000077ae00000,0x000000077b953558,0x000000077c480000)
Event: 1006.339 GC heap after
Heap after GC invocations=461 (full 5):
 PSYoungGen      total 597504K, used 50673K [0x00000007d5500000, 0x0000000800000000, 0x0000000800000000)
  eden space 546816K, 0% used [0x00000007d5500000,0x00000007d5500000,0x00000007f6b00000)
  from space 50688K, 99% used [0x00000007fce80000,0x00000007ffffc538,0x0000000800000000)
  to   space 76288K, 0% used [0x00000007f6b00000,0x00000007f6b00000,0x00000007fb580000)
 ParOldGen       total 928768K, used 743992K [0x0000000780000000, 0x00000007b8b00000, 0x00000007d5500000)
  object space 928768K, 80% used [0x0000000780000000,0x00000007ad68e350,0x00000007b8b00000)
 PSPermGen       total 23040K, used 11597K [0x000000077ae00000, 0x000000077c480000, 0x0000000780000000)
  object space 23040K, 50% used [0x000000077ae00000,0x000000077b953558,0x000000077c480000)
}
Event: 1009.081 GC heap before
{Heap before GC invocations=462 (full 5):
 PSYoungGen      total 597504K, used 597489K [0x00000007d5500000, 0x0000000800000000, 0x0000000800000000)
  eden space 546816K, 100% used [0x00000007d5500000,0x00000007f6b00000,0x00000007f6b00000)
  from space 50688K, 99% used [0x00000007fce80000,0x00000007ffffc538,0x0000000800000000)
  to   space 76288K, 0% used [0x00000007f6b00000,0x00000007f6b00000,0x00000007fb580000)
 ParOldGen       total 928768K, used 743992K [0x0000000780000000, 0x00000007b8b00000, 0x00000007d5500000)
  object space 928768K, 80% used [0x0000000780000000,0x00000007ad68e350,0x00000007b8b00000)
 PSPermGen       total 23040K, used 11597K [0x000000077ae00000, 0x000000077c480000, 0x0000000780000000)
  object space 23040K, 50% used [0x000000077ae00000,0x000000077b953650,0x000000077c480000)
Event: 1009.206 GC heap after
Heap after GC invocations=462 (full 5):
 PSYoungGen      total 623104K, used 76273K [0x00000007d5500000, 0x0000000800000000, 0x0000000800000000)
  eden space 546816K, 0% used [0x00000007d5500000,0x00000007d5500000,0x00000007f6b00000)
  from space 76288K, 99% used [0x00000007f6b00000,0x00000007fb57c538,0x00000007fb580000)
  to   space 76288K, 0% used [0x00000007fb580000,0x00000007fb580000,0x0000000800000000)
 ParOldGen       total 928768K, used 810084K [0x0000000780000000, 0x00000007b8b00000, 0x00000007d5500000)
  object space 928768K, 87% used [0x0000000780000000,0x00000007b1719308,0x00000007b8b00000)
 PSPermGen       total 23040K, used 11597K [0x000000077ae00000, 0x000000077c480000, 0x0000000780000000)
  object space 23040K, 50% used [0x000000077ae00000,0x000000077b953650,0x000000077c480000)
}
Event: 1012.340 GC heap before
{Heap before GC invocations=463 (full 5):
 PSYoungGen      total 623104K, used 623089K [0x00000007d5500000, 0x0000000800000000, 0x0000000800000000)
  eden space 546816K, 100% used [0x00000007d5500000,0x00000007f6b00000,0x00000007f6b00000)
  from space 76288K, 99% used [0x00000007f6b00000,0x00000007fb57c538,0x00000007fb580000)
  to   space 76288K, 0% used [0x00000007fb580000,0x00000007fb580000,0x0000000800000000)
 ParOldGen       total 928768K, used 810084K [0x0000000780000000, 0x00000007b8b00000, 0x00000007d5500000)
  object space 928768K, 87% used [0x0000000780000000,0x00000007b1719308,0x00000007b8b00000)
 PSPermGen       total 23040K, used 11597K [0x000000077ae00000, 0x000000077c480000, 0x0000000780000000)
  object space 23040K, 50% used [0x000000077ae00000,0x000000077b953650,0x000000077c480000)
Event: 1012.509 GC heap after
Heap after GC invocations=463 (full 5):
 PSYoungGen      total 473600K, used 76273K [0x00000007d5500000, 0x0000000800000000, 0x0000000800000000)
  eden space 397312K, 0% used [0x00000007d5500000,0x00000007d5500000,0x00000007ed900000)
  from space 76288K, 99% used [0x00000007fb580000,0x00000007ffffc538,0x0000000800000000)
  to   space 151040K, 0% used [0x00000007ed900000,0x00000007ed900000,0x00000007f6c80000)
 ParOldGen       total 928768K, used 904725K [0x0000000780000000, 0x00000007b8b00000, 0x00000007d5500000)
  object space 928768K, 97% used [0x0000000780000000,0x00000007b73855c0,0x00000007b8b00000)
 PSPermGen       total 23040K, used 11597K [0x000000077ae00000, 0x000000077c480000, 0x0000000780000000)
  object space 23040K, 50% used [0x000000077ae00000,0x000000077b953650,0x000000077c480000)
}
Event: 1012.509 GC heap before
{Heap before GC invocations=464 (full 6):
 PSYoungGen      total 473600K, used 76273K [0x00000007d5500000, 0x0000000800000000, 0x0000000800000000)
  eden space 397312K, 0% used [0x00000007d5500000,0x00000007d5500000,0x00000007ed900000)
  from space 76288K, 99% used [0x00000007fb580000,0x00000007ffffc538,0x0000000800000000)
  to   space 151040K, 0% used [0x00000007ed900000,0x00000007ed900000,0x00000007f6c80000)
 ParOldGen       total 928768K, used 904725K [0x0000000780000000, 0x00000007b8b00000, 0x00000007d5500000)
  object space 928768K, 97% used [0x0000000780000000,0x00000007b73855c0,0x00000007b8b00000)
 PSPermGen       total 23040K, used 11597K [0x000000077ae00000, 0x000000077c480000, 0x0000000780000000)
  object space 23040K, 50% used [0x000000077ae00000,0x000000077b953650,0x000000077c480000)

